<?xml version="1.0" encoding="UTF-8"?>
<coverage generated="1729046485923" clover="3.2.0">
  <project timestamp="1729046485923" name="All files">
    <metrics statements="24" coveredstatements="19" conditionals="2" coveredconditionals="1" methods="11" coveredmethods="6" elements="37" coveredelements="26" complexity="0" loc="24" ncloc="24" packages="2" files="7" classes="7"/>
    <package name="components">
      <metrics statements="9" coveredstatements="9" conditionals="2" coveredconditionals="1" methods="4" coveredmethods="4"/>
      <file name="Contact.js" path="/home/amitgupta/Documents/ReactWithNamaste/Food-App/src/components/Contact.js">
        <metrics statements="2" coveredstatements="2" conditionals="0" coveredconditionals="0" methods="1" coveredmethods="1"/>
        <line num="1" count="1" type="stmt"/>
        <line num="2" count="2" type="stmt"/>
      </file>
      <file name="Header.jsx" path="/home/amitgupta/Documents/ReactWithNamaste/Food-App/src/components/Header.jsx">
        <metrics statements="5" coveredstatements="5" conditionals="2" coveredconditionals="1" methods="2" coveredmethods="2"/>
        <line num="8" count="1" type="stmt"/>
        <line num="9" count="1" type="stmt"/>
        <line num="12" count="2" type="stmt"/>
        <line num="13" count="1" type="stmt"/>
        <line num="15" count="1" type="stmt"/>
      </file>
      <file name="sum.js" path="/home/amitgupta/Documents/ReactWithNamaste/Food-App/src/components/sum.js">
        <metrics statements="2" coveredstatements="2" conditionals="0" coveredconditionals="0" methods="1" coveredmethods="1"/>
        <line num="1" count="1" type="stmt"/>
        <line num="2" count="1" type="stmt"/>
      </file>
    </package>
    <package name="utils">
      <metrics statements="15" coveredstatements="10" conditionals="0" coveredconditionals="0" methods="7" coveredmethods="2"/>
      <file name="UserContext.js" path="/home/amitgupta/Documents/ReactWithNamaste/Food-App/src/utils/UserContext.js">
        <metrics statements="1" coveredstatements="1" conditionals="0" coveredconditionals="0" methods="0" coveredmethods="0"/>
        <line num="3" count="1" type="stmt"/>
      </file>
      <file name="appStore.js" path="/home/amitgupta/Documents/ReactWithNamaste/Food-App/src/utils/appStore.js">
        <metrics statements="1" coveredstatements="1" conditionals="0" coveredconditionals="0" methods="0" coveredmethods="0"/>
        <line num="4" count="1" type="stmt"/>
      </file>
      <file name="cartSlice.js" path="/home/amitgupta/Documents/ReactWithNamaste/Food-App/src/utils/cartSlice.js">
        <metrics statements="5" coveredstatements="2" conditionals="0" coveredconditionals="0" methods="3" coveredmethods="0"/>
        <line num="3" count="1" type="stmt"/>
        <line num="12" count="0" type="stmt"/>
        <line num="15" count="0" type="stmt"/>
        <line num="19" count="0" type="stmt"/>
        <line num="24" count="1" type="stmt"/>
      </file>
      <file name="useOnlineStatus.js" path="/home/amitgupta/Documents/ReactWithNamaste/Food-App/src/utils/useOnlineStatus.js">
        <metrics statements="8" coveredstatements="6" conditionals="0" coveredconditionals="0" methods="4" coveredmethods="2"/>
        <line num="2" count="1" type="stmt"/>
        <line num="3" count="1" type="stmt"/>
        <line num="4" count="1" type="stmt"/>
        <line num="5" count="1" type="stmt"/>
        <line num="6" count="0" type="stmt"/>
        <line num="8" count="1" type="stmt"/>
        <line num="9" count="0" type="stmt"/>
        <line num="13" count="1" type="stmt"/>
      </file>
    </package>
  </project>
</coverage>
