{"/home/amitgupta/Documents/ReactWithNamaste/Food-App/src/components/Contact.js": {"path":"/home/amitgupta/Documents/ReactWithNamaste/Food-App/src/components/Contact.js","statementMap":{"0":{"start":{"line":1,"column":16},"end":{"line":22,"column":1}},"1":{"start":{"line":2,"column":2},"end":{"line":21,"column":4}}},"fnMap":{"0":{"name":"(anonymous_0)","decl":{"start":{"line":1,"column":16},"end":{"line":1,"column":17}},"loc":{"start":{"line":1,"column":22},"end":{"line":22,"column":1}},"line":1}},"branchMap":{},"s":{"0":1,"1":2},"f":{"0":2},"b":{},"_coverageSchema":"1a1c01bbd47fc00a2c39e90264f33305004495a9","hash":"7dd525f28483e23ad5bf025258cf001953203606"}
,"/home/amitgupta/Documents/ReactWithNamaste/Food-App/src/components/Header.jsx": {"path":"/home/amitgupta/Documents/ReactWithNamaste/Food-App/src/components/Header.jsx","statementMap":{"0":{"start":{"line":8,"column":15},"end":{"line":53,"column":1}},"1":{"start":{"line":9,"column":23},"end":{"line":9,"column":46}},"2":{"start":{"line":12,"column":20},"end":{"line":12,"column":58}},"3":{"start":{"line":12,"column":41},"end":{"line":12,"column":57}},"4":{"start":{"line":13,"column":2},"end":{"line":13,"column":24}},"5":{"start":{"line":15,"column":2},"end":{"line":52,"column":4}}},"fnMap":{"0":{"name":"(anonymous_0)","decl":{"start":{"line":8,"column":15},"end":{"line":8,"column":16}},"loc":{"start":{"line":8,"column":21},"end":{"line":53,"column":1}},"line":8},"1":{"name":"(anonymous_1)","decl":{"start":{"line":12,"column":32},"end":{"line":12,"column":33}},"loc":{"start":{"line":12,"column":41},"end":{"line":12,"column":57}},"line":12}},"branchMap":{"0":{"loc":{"start":{"line":29,"column":27},"end":{"line":29,"column":58}},"type":"cond-expr","locations":[{"start":{"line":29,"column":47},"end":{"line":29,"column":51}},{"start":{"line":29,"column":54},"end":{"line":29,"column":58}}],"line":29}},"s":{"0":1,"1":1,"2":1,"3":2,"4":1,"5":1},"f":{"0":1,"1":2},"b":{"0":[1,0]},"_coverageSchema":"1a1c01bbd47fc00a2c39e90264f33305004495a9","hash":"62204007f5479252cc1cad71d6125853548d4eb2"}
,"/home/amitgupta/Documents/ReactWithNamaste/Food-App/src/components/sum.js": {"path":"/home/amitgupta/Documents/ReactWithNamaste/Food-App/src/components/sum.js","statementMap":{"0":{"start":{"line":1,"column":19},"end":{"line":3,"column":1}},"1":{"start":{"line":2,"column":4},"end":{"line":2,"column":17}}},"fnMap":{"0":{"name":"(anonymous_0)","decl":{"start":{"line":1,"column":19},"end":{"line":1,"column":20}},"loc":{"start":{"line":1,"column":27},"end":{"line":3,"column":1}},"line":1}},"branchMap":{},"s":{"0":1,"1":1},"f":{"0":1},"b":{},"_coverageSchema":"1a1c01bbd47fc00a2c39e90264f33305004495a9","hash":"c626e60506cb88867a529892590d7b86521ca3ff"}
,"/home/amitgupta/Documents/ReactWithNamaste/Food-App/src/utils/UserContext.js": {"path":"/home/amitgupta/Documents/ReactWithNamaste/Food-App/src/utils/UserContext.js","statementMap":{"0":{"start":{"line":3,"column":20},"end":{"line":5,"column":2}}},"fnMap":{},"branchMap":{},"s":{"0":1},"f":{},"b":{},"_coverageSchema":"1a1c01bbd47fc00a2c39e90264f33305004495a9","hash":"1b8de48f8bdd33f3601ed07532ef134deb788f79"}
,"/home/amitgupta/Documents/ReactWithNamaste/Food-App/src/utils/appStore.js": {"path":"/home/amitgupta/Documents/ReactWithNamaste/Food-App/src/utils/appStore.js","statementMap":{"0":{"start":{"line":4,"column":17},"end":{"line":9,"column":2}}},"fnMap":{},"branchMap":{},"s":{"0":1},"f":{},"b":{},"_coverageSchema":"1a1c01bbd47fc00a2c39e90264f33305004495a9","hash":"52ad6a2cbdc447e7e2abe8b877b08a2d05f687a2"}
,"/home/amitgupta/Documents/ReactWithNamaste/Food-App/src/utils/cartSlice.js": {"path":"/home/amitgupta/Documents/ReactWithNamaste/Food-App/src/utils/cartSlice.js","statementMap":{"0":{"start":{"line":3,"column":18},"end":{"line":22,"column":2}},"1":{"start":{"line":12,"column":6},"end":{"line":12,"column":39}},"2":{"start":{"line":15,"column":6},"end":{"line":15,"column":24}},"3":{"start":{"line":19,"column":6},"end":{"line":19,"column":29}},"4":{"start":{"line":24,"column":50},"end":{"line":24,"column":67}}},"fnMap":{"0":{"name":"(anonymous_0)","decl":{"start":{"line":10,"column":13},"end":{"line":10,"column":14}},"loc":{"start":{"line":10,"column":32},"end":{"line":13,"column":5}},"line":10},"1":{"name":"(anonymous_1)","decl":{"start":{"line":14,"column":16},"end":{"line":14,"column":17}},"loc":{"start":{"line":14,"column":27},"end":{"line":16,"column":5}},"line":14},"2":{"name":"(anonymous_2)","decl":{"start":{"line":17,"column":15},"end":{"line":17,"column":16}},"loc":{"start":{"line":17,"column":26},"end":{"line":20,"column":5}},"line":17}},"branchMap":{},"s":{"0":1,"1":0,"2":0,"3":0,"4":1},"f":{"0":0,"1":0,"2":0},"b":{},"_coverageSchema":"1a1c01bbd47fc00a2c39e90264f33305004495a9","hash":"a1b9ba64760c9812001eebfcda3670f34605c9e4"}
,"/home/amitgupta/Documents/ReactWithNamaste/Food-App/src/utils/useOnlineStatus.js": {"path":"/home/amitgupta/Documents/ReactWithNamaste/Food-App/src/utils/useOnlineStatus.js","statementMap":{"0":{"start":{"line":2,"column":24},"end":{"line":14,"column":1}},"1":{"start":{"line":3,"column":42},"end":{"line":3,"column":56}},"2":{"start":{"line":4,"column":2},"end":{"line":11,"column":9}},"3":{"start":{"line":5,"column":4},"end":{"line":7,"column":7}},"4":{"start":{"line":6,"column":6},"end":{"line":6,"column":29}},"5":{"start":{"line":8,"column":4},"end":{"line":10,"column":7}},"6":{"start":{"line":9,"column":6},"end":{"line":9,"column":28}},"7":{"start":{"line":13,"column":2},"end":{"line":13,"column":22}}},"fnMap":{"0":{"name":"(anonymous_0)","decl":{"start":{"line":2,"column":24},"end":{"line":2,"column":25}},"loc":{"start":{"line":2,"column":30},"end":{"line":14,"column":1}},"line":2},"1":{"name":"(anonymous_1)","decl":{"start":{"line":4,"column":12},"end":{"line":4,"column":13}},"loc":{"start":{"line":4,"column":18},"end":{"line":11,"column":3}},"line":4},"2":{"name":"(anonymous_2)","decl":{"start":{"line":5,"column":39},"end":{"line":5,"column":40}},"loc":{"start":{"line":5,"column":45},"end":{"line":7,"column":5}},"line":5},"3":{"name":"(anonymous_3)","decl":{"start":{"line":8,"column":38},"end":{"line":8,"column":39}},"loc":{"start":{"line":8,"column":44},"end":{"line":10,"column":5}},"line":8}},"branchMap":{},"s":{"0":1,"1":1,"2":1,"3":1,"4":0,"5":1,"6":0,"7":1},"f":{"0":1,"1":1,"2":0,"3":0},"b":{},"_coverageSchema":"1a1c01bbd47fc00a2c39e90264f33305004495a9","hash":"ce9519be75a7118cad1adc1e3f967f3608764208"}
}
